Initializing CoreGen with the user repository list from
'/home/student1/h3kamal/.Xilinx/CoreGen/13.3/indexes/xil_index_map.xml'.
CoreGen has not been configured with any user repositories.
CoreGen has been configured with the following Xilinx repositories:
 - '/CMC/tools/xilinx/13.3/ISE_DS/ISE/coregen/' [reloaded]
INFO:sim - Generating component instance 'ila' of
   'xilinx.com:ip:chipscope_ila:1.05.a' from
   '/CMC/tools/xilinx/13.3/ISE_DS/ISE/coregen/iprepo/Chipscope/pcores/chipscope_
   ila_v1_05_a/data/chipscope_ila_v2_1_0.mpd'.
Applying current project options...
Finished applying current project options.
Customizing IP...
Release 13.3 - Xilinx CORE Generator IP GUI Launcher O.76xd (lin64)
Copyright (c) 1995-2011 Xilinx, Inc.  All rights reserved.
Finished Customizing.
Generating IP...
WARNING:sim:89 - A core named <ila> already exists in the output directory.
   Output products for this core may be overwritten.
Gathering HDL files for ila root...
Creating XST project for ila...
Creating XST script file for ila...
Creating XST instantiation file for ila...
Running XST for ila...
XST: HDL Compilation
XST: Design Hierarchy Analysis
XST: HDL Analysis
XST: HDL Synthesis
XST: Advanced HDL Synthesis
XST: Low Level Synthesis
Generating VHDL wrapper
Not generating Verilog wrapper
Creating ISE instantiation template for ila...
Skipping Verilog instantiation template for ila...
Finished Generation.
Generating IP instantiation template...
Generating ASY schematic symbol...
INFO:sim - Finished generation of ASY schematic symbol.
Generating SYM schematic symbol for 'ila'...
Generating metadata file...
Generating metadata file...
Generating ISE project...
Generating README file...
Generating FLIST file...
INFO:sim - Finished FLIST file generation.
Launching README viewer...
Moving files to output directory...
Finished moving files to output directory
Wrote CGP file for project 'ila'.
